<?xml version="1.0" encoding="UTF-8"?>
<!-- Generated by org.testng.reporters.JUnitReportReporter -->
<testsuite skipped="0" hostname="TYSS-4F-085" name="test.AddToCart" tests="1" failures="0" timestamp="26 Oct 2017 10:01:33 GMT" time="50.954" errors="0">
  <testcase name="testAddToCart" time="50.954" classname="test.AddToCart"/>
</testsuite> <!-- test.AddToCart -->
