<?xml version="1.0" encoding="UTF-8"?>
<!-- Generated by org.testng.reporters.JUnitReportReporter -->
<testsuite skipped="0" hostname="TYSS-4F-085" name="test.VerifyQuickViewDetails" tests="1" failures="0" timestamp="30 Oct 2017 09:52:09 GMT" time="36.751" errors="0">
  <testcase name="testVerifyQuickViewDetails" time="36.751" classname="test.VerifyQuickViewDetails"/>
</testsuite> <!-- test.VerifyQuickViewDetails -->
