<?xml version="1.0" encoding="UTF-8"?>
<!-- Generated by org.testng.reporters.JUnitReportReporter -->
<testsuite skipped="0" hostname="TYSS-4F-085" name="test.VerifyAddToCart" tests="1" failures="0" timestamp="30 Oct 2017 05:29:47 GMT" time="49.842" errors="0">
  <testcase name="testAddToCart" time="49.842" classname="test.VerifyAddToCart"/>
</testsuite> <!-- test.VerifyAddToCart -->
