<?xml version="1.0" encoding="UTF-8"?>
<!-- Generated by org.testng.reporters.JUnitReportReporter -->
<testsuite skipped="0" hostname="TYSS-4F-085" name="test.VerifyProdSpec_Similarprods" tests="1" failures="0" timestamp="31 Oct 2017 04:58:47 GMT" time="38.339" errors="0">
  <testcase name="testVerifyProdSpec_Similarprods" time="38.339" classname="test.VerifyProdSpec_Similarprods"/>
</testsuite> <!-- test.VerifyProdSpec_Similarprods -->
