<?xml version="1.0" encoding="UTF-8"?>
<!-- Generated by org.testng.reporters.JUnitReportReporter -->
<testsuite skipped="0" hostname="TYSS-4F-085" name="test.VerifyRemoveCartItem" tests="1" failures="0" timestamp="27 Oct 2017 06:32:11 GMT" time="64.042" errors="0">
  <testcase name="testVerifyRemoveCartItem" time="64.042" classname="test.VerifyRemoveCartItem"/>
</testsuite> <!-- test.VerifyRemoveCartItem -->
