<?xml version="1.0" encoding="UTF-8"?>
<!-- Generated by org.testng.reporters.JUnitReportReporter -->
<testsuite skipped="0" hostname="TYSS-4F-085" name="test.VerifyInvalidloginWishlist" tests="2" failures="0" timestamp="14 Nov 2017 04:56:36 GMT" time="26.903" errors="0">
  <testcase name="testVerifyInvalidloginWishlist" time="13.564" classname="test.VerifyInvalidloginWishlist"/>
  <testcase name="testVerifyInvalidloginWishlist" time="13.339" classname="test.VerifyInvalidloginWishlist"/>
</testsuite> <!-- test.VerifyInvalidloginWishlist -->
