<?xml version="1.0" encoding="UTF-8"?>
<!-- Generated by org.testng.reporters.JUnitReportReporter -->
<testsuite skipped="0" hostname="TYSS-4F-085" name="test.VerifyMyCartPagedetails" tests="1" failures="0" timestamp="14 Nov 2017 00:14:11 GMT" time="30.146" errors="0">
  <testcase name="testVerifyMyCartPagedetails" time="30.146" classname="test.VerifyMyCartPagedetails"/>
</testsuite> <!-- test.VerifyMyCartPagedetails -->
