<?xml version="1.0" encoding="UTF-8"?>
<!-- Generated by org.testng.reporters.JUnitReportReporter -->
<testsuite skipped="0" hostname="TYSS-4F-085" name="test.VerifyInvalidloginWishlist" tests="1" failures="0" timestamp="31 Oct 2017 06:29:46 GMT" time="12.123" errors="0">
  <testcase name="testVerifyInvalidloginWishlist" time="12.123" classname="test.VerifyInvalidloginWishlist"/>
</testsuite> <!-- test.VerifyInvalidloginWishlist -->
