<?xml version="1.0" encoding="UTF-8"?>
<!-- Generated by org.testng.reporters.JUnitReportReporter -->
<testsuite skipped="0" hostname="TYSS-4F-085" name="test.VerifyPaymentpgeForCart" tests="1" failures="0" timestamp="28 Oct 2017 04:14:47 GMT" time="43.418" errors="0">
  <testcase name="testVerifyPaymentpgeForCart" time="43.418" classname="test.VerifyPaymentpgeForCart"/>
</testsuite> <!-- test.VerifyPaymentpgeForCart -->
