<?xml version="1.0" encoding="UTF-8"?>
<!-- Generated by org.testng.reporters.JUnitReportReporter -->
<testsuite skipped="0" hostname="TYSS-4F-085" name="test.Practice1" tests="5" failures="0" timestamp="13 Nov 2017 23:45:12 GMT" time="0.031" errors="0">
  <testcase name="display4" time="0.000" classname="test.Practice1"/>
  <testcase name="display2" time="0.016" classname="test.Practice1"/>
  <testcase name="display1" time="0.000" classname="test.Practice1"/>
  <testcase name="display2" time="0.015" classname="test.Practice1"/>
  <testcase name="display3" time="0.000" classname="test.Practice1"/>
</testsuite> <!-- test.Practice1 -->
