<?xml version="1.0" encoding="UTF-8"?>
<!-- Generated by org.testng.reporters.JUnitReportReporter -->
<testsuite skipped="0" hostname="TYSS-4F-085" name="test.VerifyQuickViewDetails" tests="1" failures="0" timestamp="07 Nov 2017 04:16:55 GMT" time="40.672" errors="0">
  <testcase name="testVerifyQuickViewDetails" time="40.672" classname="test.VerifyQuickViewDetails"/>
</testsuite> <!-- test.VerifyQuickViewDetails -->
