<?xml version="1.0" encoding="UTF-8"?>
<!-- Generated by org.testng.reporters.JUnitReportReporter -->
<testsuite skipped="0" hostname="TYSS-4F-085" name="test.VerifyMyCartPagedetails" tests="1" failures="0" timestamp="06 Nov 2017 11:19:43 GMT" time="29.717" errors="0">
  <testcase name="testVerifyMyCartPagedetails" time="29.717" classname="test.VerifyMyCartPagedetails"/>
</testsuite> <!-- test.VerifyMyCartPagedetails -->
