<?xml version="1.0" encoding="UTF-8"?>
<!-- Generated by org.testng.reporters.JUnitReportReporter -->
<testsuite skipped="0" hostname="TYSS-4F-085" name="test.VerifyAccountSettingsdetails" tests="1" failures="0" timestamp="31 Oct 2017 04:43:07 GMT" time="29.081" errors="0">
  <testcase name="testVerifyAccountSettingsdetails" time="29.081" classname="test.VerifyAccountSettingsdetails"/>
</testsuite> <!-- test.VerifyAccountSettingsdetails -->
