<?xml version="1.0" encoding="UTF-8"?>
<!-- Generated by org.testng.reporters.JUnitReportReporter -->
<testsuite skipped="0" hostname="TYSS-4F-085" name="test.VerifyAccountSettings_wishlist" tests="1" failures="0" timestamp="31 Oct 2017 04:44:31 GMT" time="23.608" errors="0">
  <testcase name="testVerifyAccountSettings_wishlist" time="23.608" classname="test.VerifyAccountSettings_wishlist"/>
</testsuite> <!-- test.VerifyAccountSettings_wishlist -->
