<?xml version="1.0" encoding="UTF-8"?>
<!-- Generated by org.testng.reporters.JUnitReportReporter -->
<testsuite skipped="0" hostname="TYSS-4F-085" name="test.verifyWhislistLogin" tests="1" failures="0" timestamp="30 Oct 2017 04:32:29 GMT" time="22.466" errors="0">
  <testcase name="testverifyWhislistLogin" time="22.466" classname="test.verifyWhislistLogin"/>
</testsuite> <!-- test.verifyWhislistLogin -->
