<?xml version="1.0" encoding="UTF-8"?>
<!-- Generated by org.testng.reporters.JUnitReportReporter -->
<testsuite skipped="0" hostname="TYSS-4F-085" name="test.VerifyMyCartPagedetails" tests="1" failures="0" timestamp="07 Nov 2017 07:27:53 GMT" time="21.906" errors="0">
  <testcase name="testVerifyMyCartPagedetails" time="21.906" classname="test.VerifyMyCartPagedetails"/>
</testsuite> <!-- test.VerifyMyCartPagedetails -->
