<?xml version="1.0" encoding="UTF-8"?>
<!-- Generated by org.testng.reporters.JUnitReportReporter -->
<testsuite skipped="0" hostname="TYSS-4F-085" name="test.VerifysaveddetailsareRemoved_Wishlist" tests="1" failures="0" timestamp="30 Oct 2017 09:22:30 GMT" time="26.773" errors="0">
  <testcase name="testVerifysaveddetailsareRemoved_Wishlist" time="26.773" classname="test.VerifysaveddetailsareRemoved_Wishlist"/>
</testsuite> <!-- test.VerifysaveddetailsareRemoved_Wishlist -->
