<?xml version="1.0" encoding="UTF-8"?>
<!-- Generated by org.testng.reporters.JUnitReportReporter -->
<testsuite skipped="0" hostname="TYSS-4F-085" name="test.BuyProduct" tests="1" failures="0" timestamp="24 Oct 2017 10:55:29 GMT" time="15.819" errors="0">
  <testcase name="testBuyProduct" time="15.819" classname="test.BuyProduct"/>
</testsuite> <!-- test.BuyProduct -->
