<?xml version="1.0" encoding="UTF-8"?>
<!-- Generated by org.testng.reporters.JUnitReportReporter -->
<testsuite skipped="0" hostname="TYSS-4F-085" name="test.VerifyQuickViewDetails" tests="1" failures="0" timestamp="06 Nov 2017 11:38:58 GMT" time="46.445" errors="0">
  <testcase name="testVerifyQuickViewDetails" time="46.445" classname="test.VerifyQuickViewDetails"/>
</testsuite> <!-- test.VerifyQuickViewDetails -->
