<?xml version="1.0" encoding="UTF-8"?>
<!-- Generated by org.testng.reporters.JUnitReportReporter -->
<testsuite skipped="0" hostname="TYSS-4F-085" name="test.VerifyUserIsAbleToPlaceOrderFromCart" tests="1" failures="0" timestamp="28 Oct 2017 05:57:21 GMT" time="46.533" errors="0">
  <testcase name="testVerifyUserIsAbleToPlaceOrderFromCart" time="46.533" classname="test.VerifyUserIsAbleToPlaceOrderFromCart"/>
</testsuite> <!-- test.VerifyUserIsAbleToPlaceOrderFromCart -->
